[0.009s] Invoking command in '/home/nizhenhao/dev_ws/src/mobile-robot/build/mobile-robot': CMAKE_PREFIX_PATH=${CMAKE_PREFIX_PATH}:/opt/ros/humble /usr/bin/cmake /home/nizhenhao/dev_ws/src/mobile-robot -DAMENT_CMAKE_SYMLINK_INSTALL=1 -DCMAKE_INSTALL_PREFIX=/home/nizhenhao/dev_ws/src/mobile-robot/install/mobile-robot
[0.252s] -- The C compiler identification is GNU 11.4.0
[0.391s] -- The CXX compiler identification is GNU 11.4.0
[0.400s] -- Detecting C compiler ABI info
[0.480s] -- Detecting C compiler ABI info - done
[0.484s] -- Check for working C compiler: /usr/bin/cc - skipped
[0.484s] -- Detecting C compile features
[0.485s] -- Detecting C compile features - done
[0.488s] -- Detecting CXX compiler ABI info
[0.545s] -- Detecting CXX compiler ABI info - done
[0.550s] -- Check for working CXX compiler: /usr/bin/c++ - skipped
[0.550s] -- Detecting CXX compile features
[0.550s] -- Detecting CXX compile features - done
[0.561s] -- Found ament_cmake: 1.3.10 (/opt/ros/humble/share/ament_cmake/cmake)
[0.672s] -- Found Python3: /usr/bin/python3 (found version "3.10.12") found components: Interpreter 
[0.713s] -- Override CMake install command with custom implementation using symlinks instead of copying resources
[0.740s] -- Found ament_lint_auto: 0.12.11 (/opt/ros/humble/share/ament_lint_auto/cmake)
[0.799s] -- Added test 'copyright' to check source files copyright and LICENSE
[0.806s] -- Added test 'cppcheck' to perform static code analysis on C / C++ code
[0.806s] -- Configured cppcheck include dirs: 
[0.806s] -- Configured cppcheck exclude dirs and/or files: 
[0.810s] -- Added test 'cpplint' to check C / C++ code against the Google style
[0.810s] -- Configured cpplint exclude dirs and/or files: 
[0.811s] -- Added test 'flake8' to check Python code syntax and style conventions
[0.812s] -- Added test 'lint_cmake' to check CMake code style
[0.812s] -- Added test 'pep257' to check Python code against some of the docstring style conventions in PEP 257
[0.816s] -- Added test 'uncrustify' to check C / C++ code style
[0.816s] -- Configured uncrustify additional arguments: 
[0.817s] -- Added test 'xmllint' to check XML markup files
[0.819s] -- Configuring done
[0.820s] -- Generating done
[0.821s] -- Build files have been written to: /home/nizhenhao/dev_ws/src/mobile-robot/build/mobile-robot
[0.824s] Invoked command in '/home/nizhenhao/dev_ws/src/mobile-robot/build/mobile-robot' returned '0': CMAKE_PREFIX_PATH=${CMAKE_PREFIX_PATH}:/opt/ros/humble /usr/bin/cmake /home/nizhenhao/dev_ws/src/mobile-robot -DAMENT_CMAKE_SYMLINK_INSTALL=1 -DCMAKE_INSTALL_PREFIX=/home/nizhenhao/dev_ws/src/mobile-robot/install/mobile-robot
[0.825s] Invoking command in '/home/nizhenhao/dev_ws/src/mobile-robot/build/mobile-robot': CMAKE_PREFIX_PATH=${CMAKE_PREFIX_PATH}:/opt/ros/humble /usr/bin/cmake --build /home/nizhenhao/dev_ws/src/mobile-robot/build/mobile-robot -- -j20 -l20
[0.850s] Invoked command in '/home/nizhenhao/dev_ws/src/mobile-robot/build/mobile-robot' returned '0': CMAKE_PREFIX_PATH=${CMAKE_PREFIX_PATH}:/opt/ros/humble /usr/bin/cmake --build /home/nizhenhao/dev_ws/src/mobile-robot/build/mobile-robot -- -j20 -l20
[0.873s] Invoking command in '/home/nizhenhao/dev_ws/src/mobile-robot/build/mobile-robot': CMAKE_PREFIX_PATH=${CMAKE_PREFIX_PATH}:/opt/ros/humble /usr/bin/cmake --install /home/nizhenhao/dev_ws/src/mobile-robot/build/mobile-robot
[0.878s] -- Install configuration: ""
[0.878s] -- Execute custom install script
[0.878s] -- Symlinking: /home/nizhenhao/dev_ws/src/mobile-robot/install/mobile-robot/share/mobile-robot/config/drive_bot.rviz
[0.885s] -- Symlinking: /home/nizhenhao/dev_ws/src/mobile-robot/install/mobile-robot/share/mobile-robot/config/empty.yaml
[0.892s] -- Symlinking: /home/nizhenhao/dev_ws/src/mobile-robot/install/mobile-robot/share/mobile-robot/config/view_robot.rviz
[0.897s] -- Symlinking: /home/nizhenhao/dev_ws/src/mobile-robot/install/mobile-robot/share/mobile-robot/description/gazebo_control.xacro
[0.904s] -- Symlinking: /home/nizhenhao/dev_ws/src/mobile-robot/install/mobile-robot/share/mobile-robot/description/inertial_macros.xacro
[0.910s] -- Symlinking: /home/nizhenhao/dev_ws/src/mobile-robot/install/mobile-robot/share/mobile-robot/description/lidar.xacro
[0.915s] -- Symlinking: /home/nizhenhao/dev_ws/src/mobile-robot/install/mobile-robot/share/mobile-robot/description/robot.urdf.xacro
[0.920s] -- Symlinking: /home/nizhenhao/dev_ws/src/mobile-robot/install/mobile-robot/share/mobile-robot/description/robot_core.xacro
[0.926s] -- Symlinking: /home/nizhenhao/dev_ws/src/mobile-robot/install/mobile-robot/share/mobile-robot/launch/launch_sim.launch.py
[0.932s] -- Symlinking: /home/nizhenhao/dev_ws/src/mobile-robot/install/mobile-robot/share/mobile-robot/launch/rsp.launch.py
[0.939s] -- Symlinking: /home/nizhenhao/dev_ws/src/mobile-robot/install/mobile-robot/share/mobile-robot/worlds/empty.world
[0.944s] -- Symlinking: /home/nizhenhao/dev_ws/src/mobile-robot/install/mobile-robot/share/mobile-robot/worlds/map.world/model.config
[0.949s] -- Symlinking: /home/nizhenhao/dev_ws/src/mobile-robot/install/mobile-robot/share/mobile-robot/worlds/map.world/model.sdf
[0.955s] -- Symlinking: /home/nizhenhao/dev_ws/src/mobile-robot/install/mobile-robot/share/mobile-robot/worlds/obstacles.world
[0.961s] -- Symlinking: /home/nizhenhao/dev_ws/src/mobile-robot/install/mobile-robot/share/ament_index/resource_index/package_run_dependencies/mobile-robot
[0.967s] -- Symlinking: /home/nizhenhao/dev_ws/src/mobile-robot/install/mobile-robot/share/ament_index/resource_index/parent_prefix_path/mobile-robot
[0.972s] -- Symlinking: /home/nizhenhao/dev_ws/src/mobile-robot/install/mobile-robot/share/mobile-robot/environment/ament_prefix_path.sh
[0.978s] -- Symlinking: /home/nizhenhao/dev_ws/src/mobile-robot/install/mobile-robot/share/mobile-robot/environment/ament_prefix_path.dsv
[0.987s] -- Symlinking: /home/nizhenhao/dev_ws/src/mobile-robot/install/mobile-robot/share/mobile-robot/environment/path.sh
[0.994s] -- Symlinking: /home/nizhenhao/dev_ws/src/mobile-robot/install/mobile-robot/share/mobile-robot/environment/path.dsv
[1.000s] -- Symlinking: /home/nizhenhao/dev_ws/src/mobile-robot/install/mobile-robot/share/mobile-robot/local_setup.bash
[1.006s] -- Symlinking: /home/nizhenhao/dev_ws/src/mobile-robot/install/mobile-robot/share/mobile-robot/local_setup.sh
[1.012s] -- Symlinking: /home/nizhenhao/dev_ws/src/mobile-robot/install/mobile-robot/share/mobile-robot/local_setup.zsh
[1.018s] -- Symlinking: /home/nizhenhao/dev_ws/src/mobile-robot/install/mobile-robot/share/mobile-robot/local_setup.dsv
[1.024s] -- Symlinking: /home/nizhenhao/dev_ws/src/mobile-robot/install/mobile-robot/share/mobile-robot/package.dsv
[1.030s] -- Symlinking: /home/nizhenhao/dev_ws/src/mobile-robot/install/mobile-robot/share/ament_index/resource_index/packages/mobile-robot
[1.037s] -- Symlinking: /home/nizhenhao/dev_ws/src/mobile-robot/install/mobile-robot/share/mobile-robot/cmake/mobile-robotConfig.cmake
[1.042s] -- Symlinking: /home/nizhenhao/dev_ws/src/mobile-robot/install/mobile-robot/share/mobile-robot/cmake/mobile-robotConfig-version.cmake
[1.047s] -- Symlinking: /home/nizhenhao/dev_ws/src/mobile-robot/install/mobile-robot/share/mobile-robot/package.xml
[1.055s] Invoked command in '/home/nizhenhao/dev_ws/src/mobile-robot/build/mobile-robot' returned '0': CMAKE_PREFIX_PATH=${CMAKE_PREFIX_PATH}:/opt/ros/humble /usr/bin/cmake --install /home/nizhenhao/dev_ws/src/mobile-robot/build/mobile-robot
